{"/Users/wangmeng/Documents/learning-frontend/homework/6.stateMachine/index.js": {"path":"/Users/wangmeng/Documents/learning-frontend/homework/6.stateMachine/index.js","statementMap":{"0":{"start":{"line":7,"column":12},"end":{"line":7,"column":25}},"1":{"start":{"line":10,"column":2},"end":{"line":13,"column":4}},"2":{"start":{"line":23,"column":2},"end":{"line":33,"column":3}},"3":{"start":{"line":24,"column":4},"end":{"line":24,"column":20}},"4":{"start":{"line":25,"column":9},"end":{"line":33,"column":3}},"5":{"start":{"line":26,"column":4},"end":{"line":26,"column":22}},"6":{"start":{"line":27,"column":9},"end":{"line":33,"column":3}},"7":{"start":{"line":29,"column":4},"end":{"line":29,"column":16}},"8":{"start":{"line":32,"column":4},"end":{"line":32,"column":21}},"9":{"start":{"line":37,"column":2},"end":{"line":41,"column":3}},"10":{"start":{"line":38,"column":4},"end":{"line":38,"column":16}},"11":{"start":{"line":40,"column":4},"end":{"line":40,"column":21}},"12":{"start":{"line":47,"column":2},"end":{"line":57,"column":3}},"13":{"start":{"line":48,"column":4},"end":{"line":48,"column":19}},"14":{"start":{"line":49,"column":9},"end":{"line":57,"column":3}},"15":{"start":{"line":50,"column":4},"end":{"line":50,"column":20}},"16":{"start":{"line":51,"column":9},"end":{"line":57,"column":3}},"17":{"start":{"line":53,"column":4},"end":{"line":53,"column":16}},"18":{"start":{"line":56,"column":4},"end":{"line":56,"column":21}},"19":{"start":{"line":61,"column":2},"end":{"line":67,"column":3}},"20":{"start":{"line":62,"column":4},"end":{"line":62,"column":19}},"21":{"start":{"line":63,"column":9},"end":{"line":67,"column":3}},"22":{"start":{"line":64,"column":4},"end":{"line":64,"column":21}},"23":{"start":{"line":66,"column":4},"end":{"line":66,"column":16}},"24":{"start":{"line":72,"column":2},"end":{"line":72,"column":42}},"25":{"start":{"line":79,"column":2},"end":{"line":79,"column":14}},"26":{"start":{"line":83,"column":14},"end":{"line":83,"column":19}},"27":{"start":{"line":85,"column":2},"end":{"line":88,"column":3}},"28":{"start":{"line":87,"column":4},"end":{"line":87,"column":24}},"29":{"start":{"line":89,"column":2},"end":{"line":89,"column":21}},"30":{"start":{"line":90,"column":2},"end":{"line":95,"column":3}},"31":{"start":{"line":92,"column":4},"end":{"line":92,"column":16}},"32":{"start":{"line":93,"column":9},"end":{"line":95,"column":3}},"33":{"start":{"line":94,"column":4},"end":{"line":94,"column":17}},"34":{"start":{"line":102,"column":0},"end":{"line":104,"column":2}}},"fnMap":{"0":{"name":"notNumber","decl":{"start":{"line":9,"column":9},"end":{"line":9,"column":18}},"loc":{"start":{"line":9,"column":26},"end":{"line":14,"column":1}},"line":9},"1":{"name":"start","decl":{"start":{"line":22,"column":9},"end":{"line":22,"column":14}},"loc":{"start":{"line":22,"column":22},"end":{"line":34,"column":1}},"line":22},"2":{"name":"afterDot","decl":{"start":{"line":36,"column":9},"end":{"line":36,"column":17}},"loc":{"start":{"line":36,"column":25},"end":{"line":42,"column":1}},"line":36},"3":{"name":"gotNumber","decl":{"start":{"line":44,"column":9},"end":{"line":44,"column":18}},"loc":{"start":{"line":44,"column":26},"end":{"line":58,"column":1}},"line":44},"4":{"name":"singleZero","decl":{"start":{"line":60,"column":9},"end":{"line":60,"column":19}},"loc":{"start":{"line":60,"column":27},"end":{"line":68,"column":1}},"line":60},"5":{"name":"success","decl":{"start":{"line":71,"column":9},"end":{"line":71,"column":16}},"loc":{"start":{"line":71,"column":24},"end":{"line":74,"column":1}},"line":71},"6":{"name":"fail","decl":{"start":{"line":76,"column":9},"end":{"line":76,"column":13}},"loc":{"start":{"line":76,"column":21},"end":{"line":80,"column":1}},"line":76},"7":{"name":"check","decl":{"start":{"line":82,"column":9},"end":{"line":82,"column":14}},"loc":{"start":{"line":82,"column":20},"end":{"line":96,"column":1}},"line":82}},"branchMap":{"0":{"loc":{"start":{"line":11,"column":4},"end":{"line":12,"column":47}},"type":"binary-expr","locations":[{"start":{"line":11,"column":4},"end":{"line":11,"column":47}},{"start":{"line":12,"column":4},"end":{"line":12,"column":47}}],"line":11},"1":{"loc":{"start":{"line":23,"column":2},"end":{"line":33,"column":3}},"type":"if","locations":[{"start":{"line":23,"column":2},"end":{"line":33,"column":3}},{"start":{"line":25,"column":9},"end":{"line":33,"column":3}}],"line":23},"2":{"loc":{"start":{"line":25,"column":9},"end":{"line":33,"column":3}},"type":"if","locations":[{"start":{"line":25,"column":9},"end":{"line":33,"column":3}},{"start":{"line":27,"column":9},"end":{"line":33,"column":3}}],"line":25},"3":{"loc":{"start":{"line":27,"column":9},"end":{"line":33,"column":3}},"type":"if","locations":[{"start":{"line":27,"column":9},"end":{"line":33,"column":3}},{"start":{"line":30,"column":9},"end":{"line":33,"column":3}}],"line":27},"4":{"loc":{"start":{"line":37,"column":2},"end":{"line":41,"column":3}},"type":"if","locations":[{"start":{"line":37,"column":2},"end":{"line":41,"column":3}},{"start":{"line":39,"column":9},"end":{"line":41,"column":3}}],"line":37},"5":{"loc":{"start":{"line":47,"column":2},"end":{"line":57,"column":3}},"type":"if","locations":[{"start":{"line":47,"column":2},"end":{"line":57,"column":3}},{"start":{"line":49,"column":9},"end":{"line":57,"column":3}}],"line":47},"6":{"loc":{"start":{"line":49,"column":9},"end":{"line":57,"column":3}},"type":"if","locations":[{"start":{"line":49,"column":9},"end":{"line":57,"column":3}},{"start":{"line":51,"column":9},"end":{"line":57,"column":3}}],"line":49},"7":{"loc":{"start":{"line":51,"column":9},"end":{"line":57,"column":3}},"type":"if","locations":[{"start":{"line":51,"column":9},"end":{"line":57,"column":3}},{"start":{"line":54,"column":9},"end":{"line":57,"column":3}}],"line":51},"8":{"loc":{"start":{"line":61,"column":2},"end":{"line":67,"column":3}},"type":"if","locations":[{"start":{"line":61,"column":2},"end":{"line":67,"column":3}},{"start":{"line":63,"column":9},"end":{"line":67,"column":3}}],"line":61},"9":{"loc":{"start":{"line":63,"column":9},"end":{"line":67,"column":3}},"type":"if","locations":[{"start":{"line":63,"column":9},"end":{"line":67,"column":3}},{"start":{"line":65,"column":9},"end":{"line":67,"column":3}}],"line":63},"10":{"loc":{"start":{"line":90,"column":2},"end":{"line":95,"column":3}},"type":"if","locations":[{"start":{"line":90,"column":2},"end":{"line":95,"column":3}},{"start":{"line":93,"column":9},"end":{"line":95,"column":3}}],"line":90},"11":{"loc":{"start":{"line":93,"column":9},"end":{"line":95,"column":3}},"type":"if","locations":[{"start":{"line":93,"column":9},"end":{"line":95,"column":3}},{"start":{},"end":{}}],"line":93}},"s":{"0":1,"1":15,"2":11,"3":3,"4":8,"5":3,"6":5,"7":1,"8":4,"9":5,"10":1,"11":4,"12":19,"13":7,"14":12,"15":2,"16":10,"17":0,"18":10,"19":3,"20":1,"21":2,"22":1,"23":1,"24":0,"25":6,"26":11,"27":11,"28":33,"29":11,"30":11,"31":8,"32":3,"33":3,"34":1},"f":{"0":15,"1":11,"2":5,"3":19,"4":3,"5":0,"6":6,"7":11},"b":{"0":[15,14],"1":[3,8],"2":[3,5],"3":[1,4],"4":[1,4],"5":[7,12],"6":[2,10],"7":[0,10],"8":[1,2],"9":[1,1],"10":[8,3],"11":[3,0]},"_coverageSchema":"1a1c01bbd47fc00a2c39e90264f33305004495a9","hash":"0f533a75763a769333a95acb8b2654417cba886c"}
,"/Users/wangmeng/Documents/learning-frontend/homework/6.stateMachine/parseHTML.js": {"path":"/Users/wangmeng/Documents/learning-frontend/homework/6.stateMachine/parseHTML.js","statementMap":{"0":{"start":{"line":1,"column":12},"end":{"line":1,"column":25}},"1":{"start":{"line":9,"column":19},"end":{"line":9,"column":37}},"2":{"start":{"line":10,"column":2},"end":{"line":10,"column":72}},"3":{"start":{"line":19,"column":19},"end":{"line":19,"column":37}},"4":{"start":{"line":20,"column":2},"end":{"line":20,"column":72}},"5":{"start":{"line":29,"column":2},"end":{"line":29,"column":48}},"6":{"start":{"line":40,"column":2},"end":{"line":44,"column":3}},"7":{"start":{"line":41,"column":4},"end":{"line":41,"column":20}},"8":{"start":{"line":42,"column":9},"end":{"line":44,"column":3}},"9":{"start":{"line":43,"column":4},"end":{"line":43,"column":17}},"10":{"start":{"line":52,"column":2},"end":{"line":58,"column":3}},"11":{"start":{"line":53,"column":4},"end":{"line":53,"column":20}},"12":{"start":{"line":54,"column":9},"end":{"line":58,"column":3}},"13":{"start":{"line":55,"column":4},"end":{"line":55,"column":17}},"14":{"start":{"line":56,"column":9},"end":{"line":58,"column":3}},"15":{"start":{"line":57,"column":4},"end":{"line":57,"column":18}},"16":{"start":{"line":63,"column":2},"end":{"line":69,"column":3}},"17":{"start":{"line":64,"column":4},"end":{"line":64,"column":23}},"18":{"start":{"line":65,"column":9},"end":{"line":69,"column":3}},"19":{"start":{"line":66,"column":4},"end":{"line":66,"column":24}},"20":{"start":{"line":68,"column":4},"end":{"line":68,"column":16}},"21":{"start":{"line":74,"column":2},"end":{"line":82,"column":3}},"22":{"start":{"line":75,"column":4},"end":{"line":75,"column":24}},"23":{"start":{"line":76,"column":9},"end":{"line":82,"column":3}},"24":{"start":{"line":77,"column":4},"end":{"line":77,"column":17}},"25":{"start":{"line":78,"column":9},"end":{"line":82,"column":3}},"26":{"start":{"line":79,"column":4},"end":{"line":79,"column":17}},"27":{"start":{"line":81,"column":4},"end":{"line":81,"column":16}},"28":{"start":{"line":86,"column":2},"end":{"line":90,"column":3}},"29":{"start":{"line":87,"column":4},"end":{"line":87,"column":22}},"30":{"start":{"line":88,"column":9},"end":{"line":90,"column":3}},"31":{"start":{"line":89,"column":4},"end":{"line":89,"column":16}},"32":{"start":{"line":95,"column":2},"end":{"line":103,"column":3}},"33":{"start":{"line":96,"column":4},"end":{"line":96,"column":22}},"34":{"start":{"line":97,"column":9},"end":{"line":103,"column":3}},"35":{"start":{"line":98,"column":4},"end":{"line":98,"column":22}},"36":{"start":{"line":99,"column":9},"end":{"line":103,"column":3}},"37":{"start":{"line":100,"column":4},"end":{"line":100,"column":18}},"38":{"start":{"line":102,"column":4},"end":{"line":102,"column":16}},"39":{"start":{"line":107,"column":2},"end":{"line":111,"column":3}},"40":{"start":{"line":108,"column":4},"end":{"line":108,"column":19}},"41":{"start":{"line":110,"column":4},"end":{"line":110,"column":17}},"42":{"start":{"line":116,"column":2},"end":{"line":116,"column":42}},"43":{"start":{"line":123,"column":2},"end":{"line":123,"column":14}},"44":{"start":{"line":128,"column":14},"end":{"line":128,"column":19}},"45":{"start":{"line":130,"column":2},"end":{"line":133,"column":3}},"46":{"start":{"line":132,"column":4},"end":{"line":132,"column":24}},"47":{"start":{"line":134,"column":2},"end":{"line":134,"column":21}},"48":{"start":{"line":135,"column":2},"end":{"line":140,"column":3}},"49":{"start":{"line":137,"column":4},"end":{"line":137,"column":16}},"50":{"start":{"line":138,"column":9},"end":{"line":140,"column":3}},"51":{"start":{"line":139,"column":4},"end":{"line":139,"column":17}},"52":{"start":{"line":143,"column":0},"end":{"line":145,"column":2}}},"fnMap":{"0":{"name":"isLowercase","decl":{"start":{"line":8,"column":9},"end":{"line":8,"column":20}},"loc":{"start":{"line":8,"column":27},"end":{"line":11,"column":1}},"line":8},"1":{"name":"isUppercase","decl":{"start":{"line":18,"column":9},"end":{"line":18,"column":20}},"loc":{"start":{"line":18,"column":27},"end":{"line":21,"column":1}},"line":18},"2":{"name":"isAlphabet","decl":{"start":{"line":28,"column":9},"end":{"line":28,"column":19}},"loc":{"start":{"line":28,"column":26},"end":{"line":30,"column":1}},"line":28},"3":{"name":"start","decl":{"start":{"line":38,"column":9},"end":{"line":38,"column":14}},"loc":{"start":{"line":38,"column":22},"end":{"line":45,"column":1}},"line":38},"4":{"name":"space","decl":{"start":{"line":50,"column":9},"end":{"line":50,"column":14}},"loc":{"start":{"line":50,"column":22},"end":{"line":59,"column":1}},"line":50},"5":{"name":"tagStart","decl":{"start":{"line":61,"column":9},"end":{"line":61,"column":17}},"loc":{"start":{"line":61,"column":25},"end":{"line":70,"column":1}},"line":61},"6":{"name":"tagStartName","decl":{"start":{"line":72,"column":9},"end":{"line":72,"column":21}},"loc":{"start":{"line":72,"column":29},"end":{"line":83,"column":1}},"line":72},"7":{"name":"tagEndStart","decl":{"start":{"line":85,"column":9},"end":{"line":85,"column":20}},"loc":{"start":{"line":85,"column":28},"end":{"line":91,"column":1}},"line":85},"8":{"name":"tagEndName","decl":{"start":{"line":93,"column":9},"end":{"line":93,"column":19}},"loc":{"start":{"line":93,"column":27},"end":{"line":104,"column":1}},"line":93},"9":{"name":"tagEnd","decl":{"start":{"line":106,"column":9},"end":{"line":106,"column":15}},"loc":{"start":{"line":106,"column":23},"end":{"line":112,"column":1}},"line":106},"10":{"name":"success","decl":{"start":{"line":115,"column":9},"end":{"line":115,"column":16}},"loc":{"start":{"line":115,"column":24},"end":{"line":118,"column":1}},"line":115},"11":{"name":"fail","decl":{"start":{"line":120,"column":9},"end":{"line":120,"column":13}},"loc":{"start":{"line":120,"column":21},"end":{"line":124,"column":1}},"line":120},"12":{"name":"parseHTML","decl":{"start":{"line":126,"column":9},"end":{"line":126,"column":18}},"loc":{"start":{"line":126,"column":24},"end":{"line":141,"column":1}},"line":126}},"branchMap":{"0":{"loc":{"start":{"line":10,"column":9},"end":{"line":10,"column":71}},"type":"binary-expr","locations":[{"start":{"line":10,"column":9},"end":{"line":10,"column":38}},{"start":{"line":10,"column":42},"end":{"line":10,"column":71}}],"line":10},"1":{"loc":{"start":{"line":20,"column":9},"end":{"line":20,"column":71}},"type":"binary-expr","locations":[{"start":{"line":20,"column":9},"end":{"line":20,"column":38}},{"start":{"line":20,"column":42},"end":{"line":20,"column":71}}],"line":20},"2":{"loc":{"start":{"line":29,"column":9},"end":{"line":29,"column":47}},"type":"binary-expr","locations":[{"start":{"line":29,"column":9},"end":{"line":29,"column":26}},{"start":{"line":29,"column":30},"end":{"line":29,"column":47}}],"line":29},"3":{"loc":{"start":{"line":40,"column":2},"end":{"line":44,"column":3}},"type":"if","locations":[{"start":{"line":40,"column":2},"end":{"line":44,"column":3}},{"start":{"line":42,"column":9},"end":{"line":44,"column":3}}],"line":40},"4":{"loc":{"start":{"line":42,"column":9},"end":{"line":44,"column":3}},"type":"if","locations":[{"start":{"line":42,"column":9},"end":{"line":44,"column":3}},{"start":{},"end":{}}],"line":42},"5":{"loc":{"start":{"line":52,"column":2},"end":{"line":58,"column":3}},"type":"if","locations":[{"start":{"line":52,"column":2},"end":{"line":58,"column":3}},{"start":{"line":54,"column":9},"end":{"line":58,"column":3}}],"line":52},"6":{"loc":{"start":{"line":54,"column":9},"end":{"line":58,"column":3}},"type":"if","locations":[{"start":{"line":54,"column":9},"end":{"line":58,"column":3}},{"start":{"line":56,"column":9},"end":{"line":58,"column":3}}],"line":54},"7":{"loc":{"start":{"line":56,"column":9},"end":{"line":58,"column":3}},"type":"if","locations":[{"start":{"line":56,"column":9},"end":{"line":58,"column":3}},{"start":{},"end":{}}],"line":56},"8":{"loc":{"start":{"line":63,"column":2},"end":{"line":69,"column":3}},"type":"if","locations":[{"start":{"line":63,"column":2},"end":{"line":69,"column":3}},{"start":{"line":65,"column":9},"end":{"line":69,"column":3}}],"line":63},"9":{"loc":{"start":{"line":65,"column":9},"end":{"line":69,"column":3}},"type":"if","locations":[{"start":{"line":65,"column":9},"end":{"line":69,"column":3}},{"start":{"line":67,"column":9},"end":{"line":69,"column":3}}],"line":65},"10":{"loc":{"start":{"line":74,"column":2},"end":{"line":82,"column":3}},"type":"if","locations":[{"start":{"line":74,"column":2},"end":{"line":82,"column":3}},{"start":{"line":76,"column":9},"end":{"line":82,"column":3}}],"line":74},"11":{"loc":{"start":{"line":76,"column":9},"end":{"line":82,"column":3}},"type":"if","locations":[{"start":{"line":76,"column":9},"end":{"line":82,"column":3}},{"start":{"line":78,"column":9},"end":{"line":82,"column":3}}],"line":76},"12":{"loc":{"start":{"line":78,"column":9},"end":{"line":82,"column":3}},"type":"if","locations":[{"start":{"line":78,"column":9},"end":{"line":82,"column":3}},{"start":{"line":80,"column":9},"end":{"line":82,"column":3}}],"line":78},"13":{"loc":{"start":{"line":86,"column":2},"end":{"line":90,"column":3}},"type":"if","locations":[{"start":{"line":86,"column":2},"end":{"line":90,"column":3}},{"start":{"line":88,"column":9},"end":{"line":90,"column":3}}],"line":86},"14":{"loc":{"start":{"line":88,"column":9},"end":{"line":90,"column":3}},"type":"if","locations":[{"start":{"line":88,"column":9},"end":{"line":90,"column":3}},{"start":{},"end":{}}],"line":88},"15":{"loc":{"start":{"line":95,"column":2},"end":{"line":103,"column":3}},"type":"if","locations":[{"start":{"line":95,"column":2},"end":{"line":103,"column":3}},{"start":{"line":97,"column":9},"end":{"line":103,"column":3}}],"line":95},"16":{"loc":{"start":{"line":97,"column":9},"end":{"line":103,"column":3}},"type":"if","locations":[{"start":{"line":97,"column":9},"end":{"line":103,"column":3}},{"start":{"line":99,"column":9},"end":{"line":103,"column":3}}],"line":97},"17":{"loc":{"start":{"line":99,"column":9},"end":{"line":103,"column":3}},"type":"if","locations":[{"start":{"line":99,"column":9},"end":{"line":103,"column":3}},{"start":{"line":101,"column":9},"end":{"line":103,"column":3}}],"line":99},"18":{"loc":{"start":{"line":107,"column":2},"end":{"line":111,"column":3}},"type":"if","locations":[{"start":{"line":107,"column":2},"end":{"line":111,"column":3}},{"start":{"line":109,"column":9},"end":{"line":111,"column":3}}],"line":107},"19":{"loc":{"start":{"line":135,"column":2},"end":{"line":140,"column":3}},"type":"if","locations":[{"start":{"line":135,"column":2},"end":{"line":140,"column":3}},{"start":{"line":138,"column":9},"end":{"line":140,"column":3}}],"line":135},"20":{"loc":{"start":{"line":138,"column":9},"end":{"line":140,"column":3}},"type":"if","locations":[{"start":{"line":138,"column":9},"end":{"line":140,"column":3}},{"start":{},"end":{}}],"line":138}},"s":{"0":1,"1":36,"2":36,"3":12,"4":12,"5":36,"6":11,"7":2,"8":9,"9":9,"10":16,"11":9,"12":7,"13":4,"14":3,"15":3,"16":11,"17":4,"18":7,"19":5,"20":2,"21":15,"22":10,"23":5,"24":2,"25":3,"26":3,"27":0,"28":4,"29":3,"30":1,"31":1,"32":10,"33":6,"34":4,"35":1,"36":3,"37":3,"38":0,"39":6,"40":3,"41":3,"42":0,"43":29,"44":6,"45":6,"46":96,"47":6,"48":6,"49":3,"50":3,"51":3,"52":1},"f":{"0":36,"1":12,"2":36,"3":11,"4":16,"5":11,"6":15,"7":4,"8":10,"9":6,"10":0,"11":29,"12":6},"b":{"0":[36,24],"1":[12,0],"2":[36,12],"3":[2,9],"4":[9,0],"5":[9,7],"6":[4,3],"7":[3,0],"8":[4,7],"9":[5,2],"10":[10,5],"11":[2,3],"12":[3,0],"13":[3,1],"14":[1,0],"15":[6,4],"16":[1,3],"17":[3,0],"18":[3,3],"19":[3,3],"20":[3,0]},"_coverageSchema":"1a1c01bbd47fc00a2c39e90264f33305004495a9","hash":"f159d3513312caa97c29139f23f1f8864766356a"}
,"/Users/wangmeng/Documents/learning-frontend/homework/6.stateMachine/string.js": {"path":"/Users/wangmeng/Documents/learning-frontend/homework/6.stateMachine/string.js","statementMap":{"0":{"start":{"line":10,"column":2},"end":{"line":23,"column":3}},"1":{"start":{"line":10,"column":9},"end":{"line":23,"column":3}},"2":{"start":{"line":10,"column":22},"end":{"line":10,"column":23}},"3":{"start":{"line":11,"column":17},"end":{"line":11,"column":21}},"4":{"start":{"line":12,"column":4},"end":{"line":18,"column":5}},"5":{"start":{"line":12,"column":11},"end":{"line":18,"column":5}},"6":{"start":{"line":12,"column":24},"end":{"line":12,"column":25}},"7":{"start":{"line":13,"column":6},"end":{"line":17,"column":7}},"8":{"start":{"line":15,"column":8},"end":{"line":15,"column":23}},"9":{"start":{"line":16,"column":8},"end":{"line":16,"column":14}},"10":{"start":{"line":19,"column":4},"end":{"line":21,"column":5}},"11":{"start":{"line":20,"column":6},"end":{"line":20,"column":15}},"12":{"start":{"line":24,"column":2},"end":{"line":24,"column":12}},"13":{"start":{"line":27,"column":0},"end":{"line":29,"column":2}}},"fnMap":{"0":{"name":"findSubstr","decl":{"start":{"line":6,"column":9},"end":{"line":6,"column":19}},"loc":{"start":{"line":6,"column":37},"end":{"line":25,"column":1}},"line":6}},"branchMap":{"0":{"loc":{"start":{"line":13,"column":6},"end":{"line":17,"column":7}},"type":"if","locations":[{"start":{"line":13,"column":6},"end":{"line":17,"column":7}},{"start":{},"end":{}}],"line":13},"1":{"loc":{"start":{"line":19,"column":4},"end":{"line":21,"column":5}},"type":"if","locations":[{"start":{"line":19,"column":4},"end":{"line":21,"column":5}},{"start":{},"end":{}}],"line":19}},"s":{"0":2,"1":2,"2":2,"3":18,"4":18,"5":18,"6":18,"7":22,"8":17,"9":17,"10":18,"11":1,"12":1,"13":1},"f":{"0":2},"b":{"0":[17,5],"1":[1,17]},"_coverageSchema":"1a1c01bbd47fc00a2c39e90264f33305004495a9","hash":"744cc4758d623335f73fd0a391972017581ddf58"}
}
