TN:
SF:index.js
FN:9,notNumber
FN:22,start
FN:36,afterDot
FN:44,gotNumber
FN:60,singleZero
FN:71,success
FN:76,fail
FN:82,check
FNF:8
FNH:7
FNDA:15,notNumber
FNDA:11,start
FNDA:5,afterDot
FNDA:19,gotNumber
FNDA:3,singleZero
FNDA:0,success
FNDA:6,fail
FNDA:11,check
DA:7,1
DA:10,15
DA:23,11
DA:24,3
DA:25,8
DA:26,3
DA:27,5
DA:29,1
DA:32,4
DA:37,5
DA:38,1
DA:40,4
DA:47,19
DA:48,7
DA:49,12
DA:50,2
DA:51,10
DA:53,0
DA:56,10
DA:61,3
DA:62,1
DA:63,2
DA:64,1
DA:66,1
DA:72,0
DA:79,6
DA:83,11
DA:85,11
DA:87,33
DA:89,11
DA:90,11
DA:92,8
DA:93,3
DA:94,3
DA:102,1
LF:35
LH:33
BRDA:11,0,0,15
BRDA:11,0,1,14
BRDA:23,1,0,3
BRDA:23,1,1,8
BRDA:25,2,0,3
BRDA:25,2,1,5
BRDA:27,3,0,1
BRDA:27,3,1,4
BRDA:37,4,0,1
BRDA:37,4,1,4
BRDA:47,5,0,7
BRDA:47,5,1,12
BRDA:49,6,0,2
BRDA:49,6,1,10
BRDA:51,7,0,0
BRDA:51,7,1,10
BRDA:61,8,0,1
BRDA:61,8,1,2
BRDA:63,9,0,1
BRDA:63,9,1,1
BRDA:90,10,0,8
BRDA:90,10,1,3
BRDA:93,11,0,3
BRDA:93,11,1,0
BRF:24
BRH:22
end_of_record
TN:
SF:parseHTML.js
FN:8,isLowercase
FN:18,isUppercase
FN:28,isAlphabet
FN:38,start
FN:50,space
FN:61,tagStart
FN:72,tagStartName
FN:85,tagEndStart
FN:93,tagEndName
FN:106,tagEnd
FN:115,success
FN:120,fail
FN:126,parseHTML
FNF:13
FNH:12
FNDA:36,isLowercase
FNDA:12,isUppercase
FNDA:36,isAlphabet
FNDA:11,start
FNDA:16,space
FNDA:11,tagStart
FNDA:15,tagStartName
FNDA:4,tagEndStart
FNDA:10,tagEndName
FNDA:6,tagEnd
FNDA:0,success
FNDA:29,fail
FNDA:6,parseHTML
DA:1,1
DA:9,36
DA:10,36
DA:19,12
DA:20,12
DA:29,36
DA:40,11
DA:41,2
DA:42,9
DA:43,9
DA:52,16
DA:53,9
DA:54,7
DA:55,4
DA:56,3
DA:57,3
DA:63,11
DA:64,4
DA:65,7
DA:66,5
DA:68,2
DA:74,15
DA:75,10
DA:76,5
DA:77,2
DA:78,3
DA:79,3
DA:81,0
DA:86,4
DA:87,3
DA:88,1
DA:89,1
DA:95,10
DA:96,6
DA:97,4
DA:98,1
DA:99,3
DA:100,3
DA:102,0
DA:107,6
DA:108,3
DA:110,3
DA:116,0
DA:123,29
DA:128,6
DA:130,6
DA:132,96
DA:134,6
DA:135,6
DA:137,3
DA:138,3
DA:139,3
DA:143,1
LF:53
LH:50
BRDA:10,0,0,36
BRDA:10,0,1,24
BRDA:20,1,0,12
BRDA:20,1,1,0
BRDA:29,2,0,36
BRDA:29,2,1,12
BRDA:40,3,0,2
BRDA:40,3,1,9
BRDA:42,4,0,9
BRDA:42,4,1,0
BRDA:52,5,0,9
BRDA:52,5,1,7
BRDA:54,6,0,4
BRDA:54,6,1,3
BRDA:56,7,0,3
BRDA:56,7,1,0
BRDA:63,8,0,4
BRDA:63,8,1,7
BRDA:65,9,0,5
BRDA:65,9,1,2
BRDA:74,10,0,10
BRDA:74,10,1,5
BRDA:76,11,0,2
BRDA:76,11,1,3
BRDA:78,12,0,3
BRDA:78,12,1,0
BRDA:86,13,0,3
BRDA:86,13,1,1
BRDA:88,14,0,1
BRDA:88,14,1,0
BRDA:95,15,0,6
BRDA:95,15,1,4
BRDA:97,16,0,1
BRDA:97,16,1,3
BRDA:99,17,0,3
BRDA:99,17,1,0
BRDA:107,18,0,3
BRDA:107,18,1,3
BRDA:135,19,0,3
BRDA:135,19,1,3
BRDA:138,20,0,3
BRDA:138,20,1,0
BRF:42
BRH:35
end_of_record
TN:
SF:string.js
FN:6,findSubstr
FNF:1
FNH:1
FNDA:2,findSubstr
DA:10,2
DA:11,18
DA:12,18
DA:13,22
DA:15,17
DA:16,17
DA:19,18
DA:20,1
DA:24,1
DA:27,1
LF:10
LH:10
BRDA:13,0,0,17
BRDA:13,0,1,5
BRDA:19,1,0,1
BRDA:19,1,1,17
BRF:4
BRH:4
end_of_record
